This is pdfTeX, Version 3.14159265-2.6-1.40.20 (MiKTeX 2.9.6960 64-bit) (preloaded format=pdflatex 2020.2.29)  30 SEP 2020 23:15
entering extended mode
**./Project2.tex
(Project2.tex
LaTeX2e <2020-02-02> patch level 4
L3 programming layer <2020-02-25> (D:\latex\mik\tex/latex/revtex\revtex4-1.cls
Document Class: revtex4-1 2010/07/25/20:33:00 4.1r (http://publish.aps.org/revt
ex4/ for documentation)
 Copyright (c) 2009 The American Physical Society.
 mailto:revtex@aps.org
 Licensed under the LPPL:
http://www.ctan.org/tex-archive/macros/latex/base/lppl.txt
 Arthur Ogawa <arthur_ogawa at sbcglobal dot net>
 Based on work by David Carlisle <david at dcarlisle.demon.co.uk>.
ltxutil[2010/07/25/20:33:00 4.1r utilities package (portions licensed from W. E
. Baxter web at superscript.com)]
LaTeX Info: Redefining \@centercr on input line 308.
Class revtex4-1 Info: Repairing broken LaTeX eqnarray on input line 358.
\eqncolsep=\skip47
Class revtex4-1 Info: Repairing hyperref-unfriendly LaTeX definition of \mpfoot
note on input line 433.
Class revtex4-1 Info: Repairing broken LateX \@sect on input line 755.
\intertabularlinepenalty=\count167
\@tbpen=\count168
\@arstrutbox@hline=\box45
Class revtex4-1 Info: Repairing broken LaTeX \@xbitor on input line 1786.
Class revtex4-1 Info: Making \typeout \long on input line 2046.
ltxfront[2010/07/25/20:33:00 4.1r frontmatter package (AO,DPC)]
\c@affil=\count169
\c@collab=\count170
\absbox=\box46
ltxgrid[2010/07/25/20:33:00 4.1r page grid package (portions licensed from W. E
. Baxter web at superscript.com)]
\c@linecount=\count171
\output@latex=\toks14
\box@size@1=\box47
\box@size@2=\box48
\@protection@box=\box49
\@topmark@saved=\toks15
\footins@saved=\box50
\footins@recovered=\box51
\column@recovered=\box52
\pagesofar=\box53
\footsofar=\box54
\pagegrid@col=\count172

Class revtex4-1 Warning: Failed to recognize \@vspace, \@vspacer, \@no@pgbk, \@
newline, and \\; no patches applied. Please get a more up-to-date class, .

\c@part=\count173
\c@section=\count174
\c@subsection=\count175
\c@subsubsection=\count176
\c@paragraph=\count177
\c@subparagraph=\count178
\abovecaptionskip=\skip48
\belowcaptionskip=\skip49
\c@figure=\count179
\fbox@1=\box55
\c@table=\count180
\fbox@2=\box56
\c@video=\count181
\fbox@4=\box57
\@bibdataout=\write3
\widetext@top=\box58
\widetext@bot=\box59

Class revtex4-1 Warning: No Society specified, using default society aps.

(D:\latex\mik\tex/latex/revtex\aps4-1.rtx
File: aps4-1 2010/07/25/20:33:00 4.1r (http://publish.aps.org/revtex4/ for docu
mentation)
Class revtex4-1 Info: RevTeX society APS selected on input line 31.
)

Class revtex4-1 Warning: No journal specified, using default pra.

Class revtex4-1 Info: APS journal PRA selected on input line 7545.
(D:\latex\mik\tex/latex/revtex\aps10pt4-1.rtx
File: aps10pt4-1 2010/07/25/20:33:00 4.1r (http://publish.aps.org/revtex4/ for 
documentation)
Class revtex4-1 Info: RevTeX pointsize 10pt selected on input line 30.
)
(D:\latex\mik\tex/latex/textcase\textcase.sty
Package: textcase 2019/09/14 v1.00 Text only upper/lower case changing (DPC)
)
(D:\latex\mik\tex/latex/url\url.sty
\Urlmuskip=\muskip16
Package: url 2013/09/16  ver 3.4  Verb mode for urls, etc.
) (D:\latex\mik\tex/latex/natbib\natbib.sty
Package: natbib 2010/09/13 8.31b (PWD, AO)
\bibhang=\skip50
\bibsep=\skip51
LaTeX Info: Redefining \cite on input line 694.
\c@NAT@ctr=\count182
)
Class revtex4-1 Info: Repairing natbib's \BibitemShut on input line 7549.
(D:\latex\mik\tex/latex/revtex\revsymb4-1.sty
Package: revsymb4-1 2010/07/25/20:33:00 4.1r (http://publish.aps.org/revtex4/ f
or documentation)
LaTeX Info: Redefining \REV@mathfrak on input line 119.
))
(D:\latex\mik\tex/latex/base\inputenc.sty
Package: inputenc 2018/08/11 v1.3c Input encoding file
\inpenc@prehook=\toks16
\inpenc@posthook=\toks17
)
(D:\latex\mik\tex/generic/babel\babel.sty
Package: babel 2020/02/14 3.40 The Babel package

(D:\latex\mik\tex/generic/babel\switch.def
File: switch.def 2020/02/14 3.40 Babel switching mechanism
)
*************************************
* Local config file bblopts.cfg used
*
(D:\latex\mik\tex/latex/arabi\bblopts.cfg
File: bblopts.cfg 2005/09/08 v0.1 add Arabic and Farsi to "declared" options of
 babel
)
(D:\latex\mik\tex/latex/babel-english\english.ldf
Language: english 2017/06/06 v3.3r English support from the babel system

(D:\latex\mik\tex/generic/babel\babel.def
File: babel.def 2020/02/14 3.40 Babel common definitions
\babel@savecnt=\count183
\U@D=\dimen134

(D:\latex\mik\tex/generic/babel\txtbabel.def)
\bbl@readstream=\read2
\bbl@dirlevel=\count184
)
Package babel Info: \l@canadian = using hyphenrules for english
(babel)             (\language0) on input line 102.
Package babel Info: \l@australian = using hyphenrules for ukenglish
(babel)             (\language77) on input line 105.
Package babel Info: \l@newzealand = using hyphenrules for ukenglish
(babel)             (\language77) on input line 108.
)
(D:\latex\mik\tex/latex/babel-norsk\norsk.ldf
Language: norsk 2012/08/06 v2.0i Norsk support from the babel system
Package babel Info: Making " an active character on input line 113.
))
(D:\latex\mik\tex/latex/physics\physics.sty
Package: physics 

(D:\latex\mik\tex/latex/l3packages/xparse\xparse.sty
(D:\latex\mik\tex/latex/l3kernel\expl3.sty
Package: expl3 2020-02-25 L3 programming layer (loader) 

(D:\latex\mik\tex/latex/l3backend\l3backend-pdfmode.def
File: l3backend-pdfmode.def 2020-02-23 L3 backend support: PDF mode
\l__kernel_color_stack_int=\count185
\l__pdf_internal_box=\box60
))
Package: xparse 2020-02-25 L3 Experimental document command parser
\l__xparse_current_arg_int=\count186
\g__xparse_grabber_int=\count187
\l__xparse_m_args_int=\count188
\l__xparse_v_nesting_int=\count189
)
(D:\latex\mik\tex/latex/amsmath\amsmath.sty
Package: amsmath 2020/01/20 v2.17e AMS math features
\@mathmargin=\skip52

For additional information on amsmath, use the `?' option.
(D:\latex\mik\tex/latex/amsmath\amstext.sty
Package: amstext 2000/06/29 v2.01 AMS text

(D:\latex\mik\tex/latex/amsmath\amsgen.sty
File: amsgen.sty 1999/11/30 v2.0 generic functions
\@emptytoks=\toks18
\ex@=\dimen135
)
LaTeX Info: Redefining \text on input line 28.
)
(D:\latex\mik\tex/latex/amsmath\amsbsy.sty
Package: amsbsy 1999/11/29 v1.2d Bold Symbols
\pmbraise@=\dimen136
)
(D:\latex\mik\tex/latex/amsmath\amsopn.sty
Package: amsopn 2016/03/08 v2.02 operator names
)
\inf@bad=\count190
LaTeX Info: Redefining \frac on input line 227.
\uproot@=\count191
\leftroot@=\count192
LaTeX Info: Redefining \overline on input line 389.
\classnum@=\count193
\DOTSCASE@=\count194
LaTeX Info: Redefining \ldots on input line 486.
LaTeX Info: Redefining \dots on input line 489.
LaTeX Info: Redefining \cdots on input line 610.
\Mathstrutbox@=\box61
\strutbox@=\box62
\big@size=\dimen137
LaTeX Font Info:    Redeclaring font encoding OML on input line 733.
LaTeX Font Info:    Redeclaring font encoding OMS on input line 734.
\macc@depth=\count195
\c@MaxMatrixCols=\count196
\dotsspace@=\muskip17
\c@parentequation=\count197
\dspbrk@lvl=\count198
\tag@help=\toks19
\row@=\count199
\column@=\count266
\maxfields@=\count267
\andhelp@=\toks20
\eqnshift@=\dimen138
\alignsep@=\dimen139
\tagshift@=\dimen140
\tagwidth@=\dimen141
\totwidth@=\dimen142
\lineht@=\dimen143
\@envbody=\toks21
\multlinegap=\skip53
\multlinetaggap=\skip54
\mathdisplay@stack=\toks22
LaTeX Info: Redefining \[ on input line 2859.
LaTeX Info: Redefining \] on input line 2860.
)

LaTeX3 Warning: Argument delimiter '\big ' for the command '\@quantity' should
(LaTeX3)        be a single character.


LaTeX3 Warning: Argument delimiter '\Big ' for the command '\@quantity' should
(LaTeX3)        be a single character.


LaTeX3 Warning: Argument delimiter '\bigg ' for the command '\@quantity'
(LaTeX3)        should be a single character.


LaTeX3 Warning: Argument delimiter '\Bigg ' for the command '\@quantity'
(LaTeX3)        should be a single character.


LaTeX3 Warning: Argument delimiter '\big ' for the command '\@braces' should
(LaTeX3)        be a single character.


LaTeX3 Warning: Argument delimiter '\Big ' for the command '\@braces' should
(LaTeX3)        be a single character.


LaTeX3 Warning: Argument delimiter '\bigg ' for the command '\@braces' should
(LaTeX3)        be a single character.


LaTeX3 Warning: Argument delimiter '\Bigg ' for the command '\@braces' should
(LaTeX3)        be a single character.


LaTeX3 Warning: Argument delimiter '\big ' for the command '\fbraces' should
(LaTeX3)        be a single character.


LaTeX3 Warning: Argument delimiter '\Big ' for the command '\fbraces' should
(LaTeX3)        be a single character.


LaTeX3 Warning: Argument delimiter '\bigg ' for the command '\fbraces' should
(LaTeX3)        be a single character.


LaTeX3 Warning: Argument delimiter '\Bigg ' for the command '\fbraces' should
(LaTeX3)        be a single character.


LaTeX3 Warning: Argument delimiter '\ket ' for the command '\bra' should be a
(LaTeX3)        single character.

) (D:\latex\mik\tex/latex/amsfonts\amssymb.sty
Package: amssymb 2013/01/14 v3.01 AMS font symbols

(D:\latex\mik\tex/latex/amsfonts\amsfonts.sty
Package: amsfonts 2013/01/14 v3.01 Basic AMSFonts support
\symAMSa=\mathgroup4
\symAMSb=\mathgroup5
LaTeX Font Info:    Redeclaring math symbol \hbar on input line 98.
LaTeX Font Info:    Overwriting math alphabet `\mathfrak' in version `bold'
(Font)                  U/euf/m/n --> U/euf/b/n on input line 106.
LaTeX Info: Redefining \frak on input line 111.
LaTeX Info: Redefining \Bbb on input line 113.
))
(D:\latex\mik\tex/latex/graphics\graphicx.sty
Package: graphicx 2019/11/30 v1.2a Enhanced LaTeX Graphics (DPC,SPQR)

(D:\latex\mik\tex/latex/graphics\keyval.sty
Package: keyval 2014/10/28 v1.15 key=value parser (DPC)
\KV@toks@=\toks23
)
(D:\latex\mik\tex/latex/graphics\graphics.sty
Package: graphics 2019/11/30 v1.4a Standard LaTeX Graphics (DPC,SPQR)

(D:\latex\mik\tex/latex/graphics\trig.sty
Package: trig 2016/01/03 v1.10 sin cos tan (DPC)
)
(D:\latex\mik\tex/latex/graphics-cfg\graphics.cfg
File: graphics.cfg 2016/06/04 v1.11 sample graphics configuration
)
Package graphics Info: Driver file: pdftex.def on input line 105.

(D:\latex\mik\tex/latex/graphics-def\pdftex.def
File: pdftex.def 2018/01/08 v1.0l Graphics/color driver for pdftex
))
\Gin@req@height=\dimen144
\Gin@req@width=\dimen145
)
(D:\latex\mik\tex/latex/xcolor\xcolor.sty
Package: xcolor 2016/05/11 v2.12 LaTeX color extensions (UK)

(D:\latex\mik\tex/latex/graphics-cfg\color.cfg
File: color.cfg 2016/01/02 v1.6 sample color configuration
)
Package xcolor Info: Driver file: pdftex.def on input line 225.
Package xcolor Info: Model `cmy' substituted by `cmy0' on input line 1348.
Package xcolor Info: Model `hsb' substituted by `rgb' on input line 1352.
Package xcolor Info: Model `RGB' extended on input line 1364.
Package xcolor Info: Model `HTML' substituted by `rgb' on input line 1366.
Package xcolor Info: Model `Hsb' substituted by `hsb' on input line 1367.
Package xcolor Info: Model `tHsb' substituted by `hsb' on input line 1368.
Package xcolor Info: Model `HSB' substituted by `hsb' on input line 1369.
Package xcolor Info: Model `Gray' substituted by `gray' on input line 1370.
Package xcolor Info: Model `wave' substituted by `hsb' on input line 1371.
)
(D:\latex\mik\tex/latex/hyperref\hyperref.sty
Package: hyperref 2020/01/14 v7.00d Hypertext links for LaTeX

(D:\latex\mik\tex/generic/ltxcmds\ltxcmds.sty
Package: ltxcmds 2019/12/15 v1.24 LaTeX kernel commands for general use (HO)
)
(D:\latex\mik\tex/generic/iftex\iftex.sty
Package: iftex 2019/11/07 v1.0c TeX engine tests
)
(D:\latex\mik\tex/latex/pdftexcmds\pdftexcmds.sty
Package: pdftexcmds 2019/11/24 v0.31 Utility functions of pdfTeX for LuaTeX (HO
)

(D:\latex\mik\tex/generic/infwarerr\infwarerr.sty
Package: infwarerr 2019/12/03 v1.5 Providing info/warning/error messages (HO)
)
Package pdftexcmds Info: \pdf@primitive is available.
Package pdftexcmds Info: \pdf@ifprimitive is available.
Package pdftexcmds Info: \pdfdraftmode found.
)
(D:\latex\mik\tex/generic/kvsetkeys\kvsetkeys.sty
Package: kvsetkeys 2019/12/15 v1.18 Key value parser (HO)
)
(D:\latex\mik\tex/generic/kvdefinekeys\kvdefinekeys.sty
Package: kvdefinekeys 2019-12-19 v1.6 Define keys (HO)
)
(D:\latex\mik\tex/generic/pdfescape\pdfescape.sty
Package: pdfescape 2019/12/09 v1.15 Implements pdfTeX's escape features (HO)
)
(D:\latex\mik\tex/latex/hycolor\hycolor.sty
Package: hycolor 2020-01-27 v1.10 Color options for hyperref/bookmark (HO)
)
(D:\latex\mik\tex/latex/letltxmacro\letltxmacro.sty
Package: letltxmacro 2019/12/03 v1.6 Let assignment for LaTeX macros (HO)
)
(D:\latex\mik\tex/latex/auxhook\auxhook.sty
Package: auxhook 2019-12-17 v1.6 Hooks for auxiliary files (HO)
)
(D:\latex\mik\tex/latex/kvoptions\kvoptions.sty
Package: kvoptions 2019/11/29 v3.13 Key value format for package options (HO)
)
\@linkdim=\dimen146
\Hy@linkcounter=\count268
\Hy@pagecounter=\count269

(D:\latex\mik\tex/latex/hyperref\pd1enc.def
File: pd1enc.def 2020/01/14 v7.00d Hyperref: PDFDocEncoding definition (HO)
Now handling font encoding PD1 ...
... no UTF-8 mapping file for font encoding PD1
)
(D:\latex\mik\tex/generic/intcalc\intcalc.sty
Package: intcalc 2019/12/15 v1.3 Expandable calculations with integers (HO)
)
(D:\latex\mik\tex/generic/etexcmds\etexcmds.sty
Package: etexcmds 2019/12/15 v1.7 Avoid name clashes with e-TeX commands (HO)
)
\Hy@SavedSpaceFactor=\count270
\pdfmajorversion=\count271
Package hyperref Info: Hyper figures OFF on input line 4547.
Package hyperref Info: Link nesting OFF on input line 4552.
Package hyperref Info: Hyper index ON on input line 4555.
Package hyperref Info: Plain pages OFF on input line 4562.
Package hyperref Info: Backreferencing OFF on input line 4567.
Package hyperref Info: Implicit mode ON; LaTeX internals redefined.
Package hyperref Info: Bookmarks ON on input line 4800.
LaTeX Info: Redefining \href on input line 5070.
\c@Hy@tempcnt=\count272
LaTeX Info: Redefining \url on input line 5159.
\XeTeXLinkMargin=\dimen147

(D:\latex\mik\tex/generic/bitset\bitset.sty
Package: bitset 2019/12/09 v1.3 Handle bit-vector datatype (HO)

(D:\latex\mik\tex/generic/bigintcalc\bigintcalc.sty
Package: bigintcalc 2019/12/15 v1.5 Expandable calculations on big integers (HO
)
))
\Fld@menulength=\count273
\Field@Width=\dimen148
\Fld@charsize=\dimen149
Package hyperref Info: Hyper figures OFF on input line 6430.
Package hyperref Info: Link nesting OFF on input line 6435.
Package hyperref Info: Hyper index ON on input line 6438.
Package hyperref Info: backreferencing OFF on input line 6445.
Package hyperref Info: Link coloring OFF on input line 6450.
Package hyperref Info: Link coloring with OCG OFF on input line 6455.
Package hyperref Info: PDF/A mode OFF on input line 6460.
LaTeX Info: Redefining \ref on input line 6500.
LaTeX Info: Redefining \pageref on input line 6504.

(D:\latex\mik\tex/generic/atbegshi\atbegshi.sty
Package: atbegshi 2019/12/05 v1.19 At begin shipout hook (HO)
)
\Hy@abspage=\count274
\c@Item=\count275
\c@Hfootnote=\count276
)
Package hyperref Info: Driver (autodetected): hpdftex.

(D:\latex\mik\tex/latex/hyperref\hpdftex.def
File: hpdftex.def 2020/01/14 v7.00d Hyperref driver for pdfTeX

(D:\latex\mik\tex/latex/atveryend\atveryend.sty
Package: atveryend 2019-12-11 v1.11 Hooks at the very end of document (HO)
)
\Fld@listcount=\count277
\c@bookmark@seq@number=\count278

(D:\latex\mik\tex/latex/rerunfilecheck\rerunfilecheck.sty
Package: rerunfilecheck 2019/12/05 v1.9 Rerun checks for auxiliary files (HO)

(D:\latex\mik\tex/generic/uniquecounter\uniquecounter.sty
Package: uniquecounter 2019/12/15 v1.4 Provide unlimited unique counter (HO)
)
Package uniquecounter Info: New unique counter `rerunfilecheck' on input line 2
86.
)
\Hy@SectionHShift=\skip55
)
(D:\latex\mik\tex/latex/pgf/frontendlayer\tikz.sty
(D:\latex\mik\tex/latex/pgf/basiclayer\pgf.sty
(D:\latex\mik\tex/latex/pgf/utilities\pgfrcs.sty
(D:\latex\mik\tex/generic/pgf/utilities\pgfutil-common.tex
\pgfutil@everybye=\toks24
\pgfutil@tempdima=\dimen150
\pgfutil@tempdimb=\dimen151

(D:\latex\mik\tex/generic/pgf/utilities\pgfutil-common-lists.tex))
(D:\latex\mik\tex/generic/pgf/utilities\pgfutil-latex.def
\pgfutil@abb=\box63

(D:\latex\mik\tex/latex/ms\everyshi.sty
Package: everyshi 2001/05/15 v3.00 EveryShipout Package (MS)
))
(D:\latex\mik\tex/generic/pgf/utilities\pgfrcs.code.tex
(D:\latex\mik\tex/generic/pgf\pgf.revision.tex)
Package: pgfrcs 2020/01/08 v3.1.5b (3.1.5b)
))
Package: pgf 2020/01/08 v3.1.5b (3.1.5b)

(D:\latex\mik\tex/latex/pgf/basiclayer\pgfcore.sty
(D:\latex\mik\tex/latex/pgf/systemlayer\pgfsys.sty
(D:\latex\mik\tex/generic/pgf/systemlayer\pgfsys.code.tex
Package: pgfsys 2020/01/08 v3.1.5b (3.1.5b)

(D:\latex\mik\tex/generic/pgf/utilities\pgfkeys.code.tex
\pgfkeys@pathtoks=\toks25
\pgfkeys@temptoks=\toks26

(D:\latex\mik\tex/generic/pgf/utilities\pgfkeysfiltered.code.tex
\pgfkeys@tmptoks=\toks27
))
\pgf@x=\dimen152
\pgf@y=\dimen153
\pgf@xa=\dimen154
\pgf@ya=\dimen155
\pgf@xb=\dimen156
\pgf@yb=\dimen157
\pgf@xc=\dimen158
\pgf@yc=\dimen159
\pgf@xd=\dimen160
\pgf@yd=\dimen161
\w@pgf@writea=\write4
\r@pgf@reada=\read3
\c@pgf@counta=\count279
\c@pgf@countb=\count280
\c@pgf@countc=\count281
\c@pgf@countd=\count282
\t@pgf@toka=\toks28
\t@pgf@tokb=\toks29
\t@pgf@tokc=\toks30
\pgf@sys@id@count=\count283

(D:\latex\mik\tex/generic/pgf/systemlayer\pgf.cfg
File: pgf.cfg 2020/01/08 v3.1.5b (3.1.5b)
)
Driver file for pgf: pgfsys-pdftex.def

(D:\latex\mik\tex/generic/pgf/systemlayer\pgfsys-pdftex.def
File: pgfsys-pdftex.def 2020/01/08 v3.1.5b (3.1.5b)

(D:\latex\mik\tex/generic/pgf/systemlayer\pgfsys-common-pdf.def
File: pgfsys-common-pdf.def 2020/01/08 v3.1.5b (3.1.5b)
)))
(D:\latex\mik\tex/generic/pgf/systemlayer\pgfsyssoftpath.code.tex
File: pgfsyssoftpath.code.tex 2020/01/08 v3.1.5b (3.1.5b)
\pgfsyssoftpath@smallbuffer@items=\count284
\pgfsyssoftpath@bigbuffer@items=\count285
)
(D:\latex\mik\tex/generic/pgf/systemlayer\pgfsysprotocol.code.tex
File: pgfsysprotocol.code.tex 2020/01/08 v3.1.5b (3.1.5b)
))
(D:\latex\mik\tex/generic/pgf/basiclayer\pgfcore.code.tex
Package: pgfcore 2020/01/08 v3.1.5b (3.1.5b)

(D:\latex\mik\tex/generic/pgf/math\pgfmath.code.tex
(D:\latex\mik\tex/generic/pgf/math\pgfmathcalc.code.tex
(D:\latex\mik\tex/generic/pgf/math\pgfmathutil.code.tex)
(D:\latex\mik\tex/generic/pgf/math\pgfmathparser.code.tex
\pgfmath@dimen=\dimen162
\pgfmath@count=\count286
\pgfmath@box=\box64
\pgfmath@toks=\toks31
\pgfmath@stack@operand=\toks32
\pgfmath@stack@operation=\toks33
)
(D:\latex\mik\tex/generic/pgf/math\pgfmathfunctions.code.tex
(D:\latex\mik\tex/generic/pgf/math\pgfmathfunctions.basic.code.tex)
(D:\latex\mik\tex/generic/pgf/math\pgfmathfunctions.trigonometric.code.tex)
(D:\latex\mik\tex/generic/pgf/math\pgfmathfunctions.random.code.tex)
(D:\latex\mik\tex/generic/pgf/math\pgfmathfunctions.comparison.code.tex)
(D:\latex\mik\tex/generic/pgf/math\pgfmathfunctions.base.code.tex)
(D:\latex\mik\tex/generic/pgf/math\pgfmathfunctions.round.code.tex)
(D:\latex\mik\tex/generic/pgf/math\pgfmathfunctions.misc.code.tex)
(D:\latex\mik\tex/generic/pgf/math\pgfmathfunctions.integerarithmetics.code.tex
))) (D:\latex\mik\tex/generic/pgf/math\pgfmathfloat.code.tex
\c@pgfmathroundto@lastzeros=\count287
))
(D:\latex\mik\tex/generic/pgf/math\pgfint.code.tex)
(D:\latex\mik\tex/generic/pgf/basiclayer\pgfcorepoints.code.tex
File: pgfcorepoints.code.tex 2020/01/08 v3.1.5b (3.1.5b)
\pgf@picminx=\dimen163
\pgf@picmaxx=\dimen164
\pgf@picminy=\dimen165
\pgf@picmaxy=\dimen166
\pgf@pathminx=\dimen167
\pgf@pathmaxx=\dimen168
\pgf@pathminy=\dimen169
\pgf@pathmaxy=\dimen170
\pgf@xx=\dimen171
\pgf@xy=\dimen172
\pgf@yx=\dimen173
\pgf@yy=\dimen174
\pgf@zx=\dimen175
\pgf@zy=\dimen176
)
(D:\latex\mik\tex/generic/pgf/basiclayer\pgfcorepathconstruct.code.tex
File: pgfcorepathconstruct.code.tex 2020/01/08 v3.1.5b (3.1.5b)
\pgf@path@lastx=\dimen177
\pgf@path@lasty=\dimen178
)
(D:\latex\mik\tex/generic/pgf/basiclayer\pgfcorepathusage.code.tex
File: pgfcorepathusage.code.tex 2020/01/08 v3.1.5b (3.1.5b)
\pgf@shorten@end@additional=\dimen179
\pgf@shorten@start@additional=\dimen180
)
(D:\latex\mik\tex/generic/pgf/basiclayer\pgfcorescopes.code.tex
File: pgfcorescopes.code.tex 2020/01/08 v3.1.5b (3.1.5b)
\pgfpic=\box65
\pgf@hbox=\box66
\pgf@layerbox@main=\box67
\pgf@picture@serial@count=\count288
)
(D:\latex\mik\tex/generic/pgf/basiclayer\pgfcoregraphicstate.code.tex
File: pgfcoregraphicstate.code.tex 2020/01/08 v3.1.5b (3.1.5b)
\pgflinewidth=\dimen181
)
(D:\latex\mik\tex/generic/pgf/basiclayer\pgfcoretransformations.code.tex
File: pgfcoretransformations.code.tex 2020/01/08 v3.1.5b (3.1.5b)
\pgf@pt@x=\dimen182
\pgf@pt@y=\dimen183
\pgf@pt@temp=\dimen184
)
(D:\latex\mik\tex/generic/pgf/basiclayer\pgfcorequick.code.tex
File: pgfcorequick.code.tex 2020/01/08 v3.1.5b (3.1.5b)
)
(D:\latex\mik\tex/generic/pgf/basiclayer\pgfcoreobjects.code.tex
File: pgfcoreobjects.code.tex 2020/01/08 v3.1.5b (3.1.5b)
)
(D:\latex\mik\tex/generic/pgf/basiclayer\pgfcorepathprocessing.code.tex
File: pgfcorepathprocessing.code.tex 2020/01/08 v3.1.5b (3.1.5b)
)
(D:\latex\mik\tex/generic/pgf/basiclayer\pgfcorearrows.code.tex
File: pgfcorearrows.code.tex 2020/01/08 v3.1.5b (3.1.5b)
\pgfarrowsep=\dimen185
)
(D:\latex\mik\tex/generic/pgf/basiclayer\pgfcoreshade.code.tex
File: pgfcoreshade.code.tex 2020/01/08 v3.1.5b (3.1.5b)
\pgf@max=\dimen186
\pgf@sys@shading@range@num=\count289
\pgf@shadingcount=\count290
)
(D:\latex\mik\tex/generic/pgf/basiclayer\pgfcoreimage.code.tex
File: pgfcoreimage.code.tex 2020/01/08 v3.1.5b (3.1.5b)

(D:\latex\mik\tex/generic/pgf/basiclayer\pgfcoreexternal.code.tex
File: pgfcoreexternal.code.tex 2020/01/08 v3.1.5b (3.1.5b)
\pgfexternal@startupbox=\box68
))
(D:\latex\mik\tex/generic/pgf/basiclayer\pgfcorelayers.code.tex
File: pgfcorelayers.code.tex 2020/01/08 v3.1.5b (3.1.5b)
)
(D:\latex\mik\tex/generic/pgf/basiclayer\pgfcoretransparency.code.tex
File: pgfcoretransparency.code.tex 2020/01/08 v3.1.5b (3.1.5b)
)
(D:\latex\mik\tex/generic/pgf/basiclayer\pgfcorepatterns.code.tex
File: pgfcorepatterns.code.tex 2020/01/08 v3.1.5b (3.1.5b)
)
(D:\latex\mik\tex/generic/pgf/basiclayer\pgfcorerdf.code.tex
File: pgfcorerdf.code.tex 2020/01/08 v3.1.5b (3.1.5b)
)))
(D:\latex\mik\tex/generic/pgf/modules\pgfmoduleshapes.code.tex
File: pgfmoduleshapes.code.tex 2020/01/08 v3.1.5b (3.1.5b)
\pgfnodeparttextbox=\box69
)
(D:\latex\mik\tex/generic/pgf/modules\pgfmoduleplot.code.tex
File: pgfmoduleplot.code.tex 2020/01/08 v3.1.5b (3.1.5b)
)
(D:\latex\mik\tex/latex/pgf/compatibility\pgfcomp-version-0-65.sty
Package: pgfcomp-version-0-65 2020/01/08 v3.1.5b (3.1.5b)
\pgf@nodesepstart=\dimen187
\pgf@nodesepend=\dimen188
)
(D:\latex\mik\tex/latex/pgf/compatibility\pgfcomp-version-1-18.sty
Package: pgfcomp-version-1-18 2020/01/08 v3.1.5b (3.1.5b)
))
(D:\latex\mik\tex/latex/pgf/utilities\pgffor.sty
(D:\latex\mik\tex/latex/pgf/utilities\pgfkeys.sty
(D:\latex\mik\tex/generic/pgf/utilities\pgfkeys.code.tex))
(D:\latex\mik\tex/latex/pgf/math\pgfmath.sty
(D:\latex\mik\tex/generic/pgf/math\pgfmath.code.tex))
(D:\latex\mik\tex/generic/pgf/utilities\pgffor.code.tex
Package: pgffor 2020/01/08 v3.1.5b (3.1.5b)

(D:\latex\mik\tex/generic/pgf/math\pgfmath.code.tex)
\pgffor@iter=\dimen189
\pgffor@skip=\dimen190
\pgffor@stack=\toks34
\pgffor@toks=\toks35
))
(D:\latex\mik\tex/generic/pgf/frontendlayer/tikz\tikz.code.tex
Package: tikz 2020/01/08 v3.1.5b (3.1.5b)

(D:\latex\mik\tex/generic/pgf/libraries\pgflibraryplothandlers.code.tex
File: pgflibraryplothandlers.code.tex 2020/01/08 v3.1.5b (3.1.5b)
\pgf@plot@mark@count=\count291
\pgfplotmarksize=\dimen191
)
\tikz@lastx=\dimen192
\tikz@lasty=\dimen193
\tikz@lastxsaved=\dimen194
\tikz@lastysaved=\dimen195
\tikz@lastmovetox=\dimen196
\tikz@lastmovetoy=\dimen197
\tikzleveldistance=\dimen198
\tikzsiblingdistance=\dimen199
\tikz@figbox=\box70
\tikz@figbox@bg=\box71
\tikz@tempbox=\box72
\tikz@tempbox@bg=\box73
\tikztreelevel=\count292
\tikznumberofchildren=\count293
\tikznumberofcurrentchild=\count294
\tikz@fig@count=\count295

(D:\latex\mik\tex/generic/pgf/modules\pgfmodulematrix.code.tex
File: pgfmodulematrix.code.tex 2020/01/08 v3.1.5b (3.1.5b)
\pgfmatrixcurrentrow=\count296
\pgfmatrixcurrentcolumn=\count297
\pgf@matrix@numberofcolumns=\count298
)
\tikz@expandcount=\count299

(D:\latex\mik\tex/generic/pgf/frontendlayer/tikz/libraries\tikzlibrarytopaths.c
ode.tex
File: tikzlibrarytopaths.code.tex 2020/01/08 v3.1.5b (3.1.5b)
))) (D:\latex\mik\tex/latex/listings\listings.sty
\lst@mode=\count300
\lst@gtempboxa=\box74
\lst@token=\toks36
\lst@length=\count301
\lst@currlwidth=\dimen256
\lst@column=\count302
\lst@pos=\count303
\lst@lostspace=\dimen257
\lst@width=\dimen258
\lst@newlines=\count304
\lst@lineno=\count305
\lst@maxwidth=\dimen259

(D:\latex\mik\tex/latex/listings\lstmisc.sty
File: lstmisc.sty 2019/09/10 1.8c (Carsten Heinz)
\c@lstnumber=\count306
\lst@skipnumbers=\count307
\lst@framebox=\box75
)
(D:\latex\mik\tex/latex/listings\listings.cfg
File: listings.cfg 2019/09/10 1.8c listings configuration
))
Package: listings 2019/09/10 1.8c (Carsten Heinz)

(D:\latex\mik\tex/latex/subfigure\subfigure.sty
Package: subfigure 2002/07/30 v2.1.4 subfigure package
\subfigtopskip=\skip56
\subfigcapskip=\skip57
\subfigcaptopadj=\dimen260
\subfigbottomskip=\skip58
\subfigcapmargin=\dimen261
\subfiglabelskip=\skip59
\c@subfigure=\count308
\c@lofdepth=\count309
\c@subtable=\count310
\c@lotdepth=\count311

****************************************
* Local config file subfigure.cfg used *
****************************************
(D:\latex\mik\tex/latex/subfigure\subfigure.cfg)
\subfig@top=\skip60
\subfig@bottom=\skip61
)
(D:\latex\mik\tex/latex/float\float.sty
Package: float 2001/11/08 v1.3d Float enhancements (AL)
\c@float@type=\count312
\float@exts=\toks37
\float@box=\box76
\@float@everytoks=\toks38
\@floatcapt=\box77
)
(D:\latex\mik\tex/latex/minted\minted.sty
Package: minted 2017/07/19 v2.5 Yet another Pygments shim for LaTeX

(D:\latex\mik\tex/latex/fvextra\fvextra.sty
Package: fvextra 2019/02/04 v1.4 fvextra - extensions and patches for fancyvrb

(D:\latex\mik\tex/latex/base\ifthen.sty
Package: ifthen 2014/09/29 v1.1c Standard LaTeX ifthen package (DPC)
)
(D:\latex\mik\tex/latex/etoolbox\etoolbox.sty
Package: etoolbox 2019/09/21 v2.5h e-TeX tools for LaTeX (JAW)
\etb@tempcnta=\count313
)
(D:\latex\mik\tex/latex/fancyvrb\fancyvrb.sty
Package: fancyvrb 2020/01/13 v3.5 verbatim text (tvz,hv)
\FV@CodeLineNo=\count314
\FV@InFile=\read4
\FV@TabBox=\box78
\c@FancyVerbLine=\count315
\FV@StepNumber=\count316
\FV@OutFile=\write5
)
(D:\latex\mik\tex/latex/upquote\upquote.sty
Package: upquote 2012/04/19 v1.3 upright-quote and grave-accent glyphs in verba
tim
)
(D:\latex\mik\tex/latex/lineno\lineno.sty
Package: lineno 2005/11/02 line numbers on paragraphs v4.41
\linenopenalty=\count317
\output=\toks39
\linenoprevgraf=\count318
\linenumbersep=\dimen262
\linenumberwidth=\dimen263
\c@linenumber=\count319
\c@pagewiselinenumber=\count320
\c@LN@truepage=\count321
\c@internallinenumber=\count322
\c@internallinenumbers=\count323
\quotelinenumbersep=\dimen264
\bframerule=\dimen265
\bframesep=\dimen266
\bframebox=\box79
LaTeX Info: Redefining \\ on input line 3056.
)
\c@FV@TrueTabGroupLevel=\count324
\c@FV@TrueTabCounter=\count325
\FV@TabBox@Group=\box80
\FV@TmpLength=\skip62
\c@FV@HighlightLinesStart=\count326
\c@FV@HighlightLinesStop=\count327
\FV@LoopCount=\count328
\FV@NCharsBox=\box81
\FV@BreakIndent=\dimen267
\FV@BreakIndentNChars=\count329
\FV@BreakSymbolSepLeft=\dimen268
\FV@BreakSymbolSepLeftNChars=\count330
\FV@BreakSymbolSepRight=\dimen269
\FV@BreakSymbolSepRightNChars=\count331
\FV@BreakSymbolIndentLeft=\dimen270
\FV@BreakSymbolIndentLeftNChars=\count332
\FV@BreakSymbolIndentRight=\dimen271
\FV@BreakSymbolIndentRightNChars=\count333
\c@FancyVerbLineBreakLast=\count334
\FV@LineBox=\box82
\FV@LineIndentBox=\box83
\FV@LineWidth=\dimen272
)
(D:\latex\mik\tex/latex/tools\calc.sty
Package: calc 2017/05/25 v4.3 Infix arithmetic (KKT,FJ)
\calc@Acount=\count335
\calc@Bcount=\count336
\calc@Adimen=\dimen273
\calc@Bdimen=\dimen274
\calc@Askip=\skip63
\calc@Bskip=\skip64
LaTeX Info: Redefining \setlength on input line 80.
LaTeX Info: Redefining \addtolength on input line 81.
\calc@Ccount=\count337
\calc@Cskip=\skip65
)
(D:\latex\mik\tex/latex/tools\shellesc.sty
Package: shellesc 2019/11/08 v1.0c unified shell escape interface for LaTeX
Package shellesc Info: Unrestricted shell escape enabled on input line 75.
)
(D:\latex\mik\tex/latex/ifplatform\ifplatform.sty
Package: ifplatform 2017/10/13 v0.4a Testing for the operating system

(D:\latex\mik\tex/generic/catchfile\catchfile.sty
Package: catchfile 2019/12/09 v1.8 Catch the contents of a file (HO)
)
(D:\latex\mik\tex/generic/iftex\ifluatex.sty
Package: ifluatex 2019/10/25 v1.5 ifluatex legacy package. Use iftex instead.
))
(D:\latex\mik\tex/latex/xstring\xstring.sty
(D:\latex\mik\tex/generic/xstring\xstring.tex
\integerpart=\count338
\decimalpart=\count339
)
Package: xstring 2019/02/06 v1.83 String manipulations (CT)
)
(D:\latex\mik\tex/latex/framed\framed.sty
Package: framed 2011/10/22 v 0.96: framed or shaded text with page breaks
\OuterFrameSep=\skip66
\fb@frw=\dimen275
\fb@frh=\dimen276
\FrameRule=\dimen277
\FrameSep=\dimen278
)
\minted@appexistsfile=\read5
\minted@bgbox=\box84
\minted@code=\write6
\c@minted@FancyVerbLineTemp=\count340
\c@minted@pygmentizecounter=\count341
\@float@every@listing=\toks40
\c@listing=\count342
)
runsystem(if not exist _minted-Project2 mkdir _minted-Project2)...executed.

Package hyperref Info: Option `colorlinks' set `true' on input line 25.

(D:\latex\mik\tex/latex/listings\lstlang1.sty
File: lstlang1.sty 2019/09/10 1.8c listings language file
)
runsystem(for ^%i in (pygmentize.exe pygmentize.bat pygmentize.cmd) do set > Pr
oject2.aex <nul: /p x=^%~$PATH:i>> Project2.aex)...executed.

runsystem(del Project2.aex)...executed.

Class revtex4-1 Info: Unrecognized LaTeX tabular. Please update this document c
lass! (Proceeding with fingers crossed.) on input line 44.


Class revtex4-1 Warning: Repair the float package.

Class revtex4-1 Info: cite was not loaded (OK!) on input line 44.
Class revtex4-1 Info: mcite was not loaded (OK!) on input line 44.
Class revtex4-1 Info: multicol was not loaded (OK!) on input line 44.
(Project2.aux)
\openout1 = `Project2.aux'.

LaTeX Font Info:    Checking defaults for OML/cmm/m/it on input line 44.
LaTeX Font Info:    ... okay on input line 44.
LaTeX Font Info:    Checking defaults for OMS/cmsy/m/n on input line 44.
LaTeX Font Info:    ... okay on input line 44.
LaTeX Font Info:    Checking defaults for OT1/cmr/m/n on input line 44.
LaTeX Font Info:    ... okay on input line 44.
LaTeX Font Info:    Checking defaults for T1/cmr/m/n on input line 44.
LaTeX Font Info:    ... okay on input line 44.
LaTeX Font Info:    Checking defaults for TS1/cmr/m/n on input line 44.
LaTeX Font Info:    ... okay on input line 44.
LaTeX Font Info:    Checking defaults for OMX/cmex/m/n on input line 44.
LaTeX Font Info:    ... okay on input line 44.
LaTeX Font Info:    Checking defaults for U/cmr/m/n on input line 44.
LaTeX Font Info:    ... okay on input line 44.
LaTeX Font Info:    Checking defaults for PD1/pdf/m/n on input line 44.
LaTeX Font Info:    ... okay on input line 44.
 (D:\latex\mik\tex/context/base/mkii\supp-pdf.mkii
[Loading MPS to PDF converter (version 2006.09.02).]
\scratchcounter=\count343
\scratchdimen=\dimen279
\scratchbox=\box85
\nofMPsegments=\count344
\nofMParguments=\count345
\everyMPshowfont=\toks41
\MPscratchCnt=\count346
\MPscratchDim=\dimen280
\MPnumerator=\count347
\makeMPintoPDFobject=\count348
\everyMPtoPDFconversion=\toks42
) (D:\latex\mik\tex/latex/epstopdf-pkg\epstopdf-base.sty
Package: epstopdf-base 2020-01-24 v2.11 Base part for package epstopdf
Package epstopdf-base Info: Redefining graphics rule for `.eps' on input line 4
85.
)
\AtBeginShipoutBox=\box86
Package hyperref Info: Link coloring ON on input line 44.

(D:\latex\mik\tex/latex/hyperref\nameref.sty
Package: nameref 2019/09/16 v2.46 Cross-referencing by name of section

(D:\latex\mik\tex/latex/refcount\refcount.sty
Package: refcount 2019/12/15 v3.6 Data extraction from label references (HO)
)
(D:\latex\mik\tex/generic/gettitlestring\gettitlestring.sty
Package: gettitlestring 2019/12/15 v1.6 Cleanup title references (HO)
)
\c@section@level=\count349
)
LaTeX Info: Redefining \ref on input line 44.
LaTeX Info: Redefining \pageref on input line 44.
LaTeX Info: Redefining \nameref on input line 44.
 (Project2.out)
(Project2.out)
\@outlinefile=\write7
\openout7 = `Project2.out'.

 ABD: EveryShipout initializing macros
(D:\latex\mik\tex/latex/base\textcomp.sty
Package: textcomp 2020/02/02 v2.0n Standard LaTeX package
)
\c@lstlisting=\count350
Class revtex4-1 Info: Taking \maketitle back from hyperref on input line 44.
Class revtex4-1 Info: Overriding lineo.sty, restoring output routine, on input 
line 44.
Class revtex4-1 Info: Line numbering not turned on yet on input line 44.
\openout3 = `Project2Notes.bib'.

Class revtex4-1 Info: Overriding \@LN@LLerror on input line 44.

Underfull \hbox (badness 4699) in paragraph at lines 62--63
 []\OT1/cmr/m/n/9 - Git-hub re-po-si-tory link med all kode og re-sul-ta-ter me
d eks-tra for-kla-rin-ger: [][]htt- 
 []

LaTeX Font Info:    Trying to load font information for U+msa on input line 76.

(D:\latex\mik\tex/latex/amsfonts\umsa.fd
File: umsa.fd 2013/01/14 v3.01 AMS symbols A
)
LaTeX Font Info:    Trying to load font information for U+msb on input line 76.


(D:\latex\mik\tex/latex/amsfonts\umsb.fd
File: umsb.fd 2013/01/14 v3.01 AMS symbols B
) [1{C:/Users/KarlH/AppData/Local/MiKTeX/2.9/pdftex/config/pdftex.map}]
Overfull \hbox (0.91797pt too wide) detected at line 143
\OMS/cmsy/m/n/10  [] [] \OML/cmm/m/it/10 R\OT1/cmr/m/n/10 (\OML/cmm/m/it/10 r\O
T1/cmr/m/n/10 ) + \OML/cmm/m/it/10 V\OT1/cmr/m/n/10 (\OML/cmm/m/it/10 r\OT1/cmr
/m/n/10 )\OML/cmm/m/it/10 R\OT1/cmr/m/n/10 (\OML/cmm/m/it/10 r\OT1/cmr/m/n/10 )
 = \OML/cmm/m/it/10 ER\OT1/cmr/m/n/10 (\OML/cmm/m/it/10 r\OT1/cmr/m/n/10 )\OML/
cmm/m/it/10 :
 []


Overfull \hbox (16.9648pt too wide) detected at line 196
[] [] \OT1/cmr/m/n/10 = \OML/cmm/m/it/10  []
 []


Overfull \hbox (32.03674pt too wide) detected at line 212
[] \OML/cmm/m/it/10 u\OT1/cmr/m/n/10 (\OML/cmm/m/it/10 r[]; r[]\OT1/cmr/m/n/10 
) = \OML/cmm/m/it/10 E[]u\OT1/cmr/m/n/10 (\OML/cmm/m/it/10 r[]; r[]\OT1/cmr/m/n
/10 )\OML/cmm/m/it/10 :
 []


Overfull \hbox (14.32416pt too wide) detected at line 216
[] \OML/cmm/m/it/10 u\OT1/cmr/m/n/10 (\OML/cmm/m/it/10 r; R\OT1/cmr/m/n/10 ) = 
\OML/cmm/m/it/10 E[]u\OT1/cmr/m/n/10 (\OML/cmm/m/it/10 r; R\OT1/cmr/m/n/10 )\OM
L/cmm/m/it/10 :
 []

[2]
Overfull \hbox (16.9648pt too wide) detected at line 274
[] [] \OT1/cmr/m/n/10 = \OML/cmm/m/it/10  []
 []

[3]
Underfull \hbox (badness 10000) in paragraph at lines 340--340
[]\OT1/cmr/m/n/9 Tabell II. []Ndvendige ite-ra-sjo-ner av Jacobi-
 []

<../Figures/bjelke1.png, id=108, 433.62pt x 289.08pt>
File: ../Figures/bjelke1.png Graphic file (type png)
<use ../Figures/bjelke1.png>
Package pdftex.def Info: ../Figures/bjelke1.png  used on input line 369.
(pdftex.def)             Requested size: 256.0748pt x 170.72333pt.

Overfull \hbox (10.0748pt too wide) in paragraph at lines 369--370
[][] 
 []

[4pdfTeX warning (ext4): destination with the same identifier (name{table.1}) h
as been already used, duplicate ignored

\AtBegShi@Output ...ipout \box \AtBeginShipoutBox 
                                                  \fi \fi 
l.393 	
       pdfTeX warning (ext4): destination with the same identifier (name{table.
2}) has been already used, duplicate ignored

\AtBegShi@Output ...ipout \box \AtBeginShipoutBox 
                                                  \fi \fi 
l.393 	
       pdfTeX warning (ext4): destination with the same identifier (name{table.
3}) has been already used, duplicate ignored

\AtBegShi@Output ...ipout \box \AtBeginShipoutBox 
                                                  \fi \fi 
l.393 	
       pdfTeX warning (ext4): destination with the same identifier (name{figure
.1}) has been already used, duplicate ignored

\AtBegShi@Output ...ipout \box \AtBeginShipoutBox 
                                                  \fi \fi 
l.393 	
       pdfTeX warning (ext4): destination with the same identifier (name{table.
4}) has been already used, duplicate ignored

\AtBegShi@Output ...ipout \box \AtBeginShipoutBox 
                                                  \fi \fi 
l.393 	
        <../Figures/bjelke1.png>]
<../Figures/ettElektron.png, id=122, 433.62pt x 289.08pt>
File: ../Figures/ettElektron.png Graphic file (type png)
<use ../Figures/ettElektron.png>
Package pdftex.def Info: ../Figures/ettElektron.png  used on input line 396.
(pdftex.def)             Requested size: 256.0748pt x 170.72333pt.

Overfull \hbox (10.0748pt too wide) in paragraph at lines 396--397
[][] 
 []

<../Figures/toElektron.png, id=123, 433.62pt x 289.08pt>
File: ../Figures/toElektron.png Graphic file (type png)
<use ../Figures/toElektron.png>
Package pdftex.def Info: ../Figures/toElektron.png  used on input line 407.
(pdftex.def)             Requested size: 256.0748pt x 170.72333pt.

Overfull \hbox (10.0748pt too wide) in paragraph at lines 407--408
[][] 
 []


Underfull \hbox (badness 1931) in paragraph at lines 405--410
[]\OT1/cmr/m/n/10 Plotter egen-vek-to-re-ne til den la-ves-te egen-ver-di-en
 []

<../Figures/toElektronNoC.png, id=124, 433.62pt x 289.08pt>
File: ../Figures/toElektronNoC.png Graphic file (type png)
<use ../Figures/toElektronNoC.png>
Package pdftex.def Info: ../Figures/toElektronNoC.png  used on input line 414.
(pdftex.def)             Requested size: 256.0748pt x 170.72333pt.

Overfull \hbox (10.0748pt too wide) in paragraph at lines 414--415
[][] 
 []


Underfull \hbox (badness 1931) in paragraph at lines 412--417
[]\OT1/cmr/m/n/10 Plotter egen-vek-to-re-ne til den la-ves-te egen-ver-di-en
 []


Underfull \hbox (badness 3758) in paragraph at lines 412--417
\OT1/cmr/m/n/10 (grunn-til-stan-den) kvad-rert for ulik $\OML/cmm/m/it/10 ![]$ 
\OT1/cmr/m/n/10 uten noen
 []

[5pdfTeX warning (ext4): destination with the same identifier (name{figure.2}) 
has been already used, duplicate ignored

\AtBegShi@Output ...ipout \box \AtBeginShipoutBox 
                                                  \fi \fi 
l.429 	
       pdfTeX warning (ext4): destination with the same identifier (name{figure
.3}) has been already used, duplicate ignored

\AtBegShi@Output ...ipout \box \AtBeginShipoutBox 
                                                  \fi \fi 
l.429 	
       pdfTeX warning (ext4): destination with the same identifier (name{figure
.4}) has been already used, duplicate ignored

\AtBegShi@Output ...ipout \box \AtBeginShipoutBox 
                                                  \fi \fi 
l.429 	
        <../Figures/ettElektron.png> <../Figures/toElektron.png> <../Figures/to
ElektronNoC.png>] (Project2.bbl
Overfull \hbox (100.50557pt too wide) in paragraph at lines 58--59
 []\OT1/cmr/m/n/9 ``Jacobis egen-ver-di-al-go-rit-me, fys4150 kurs-ma-te-ri-ell
: [][]htt-ps://compphysics.github.io/ComputationalPhysics/doc/pub/eigvalues/htm
l/eigvalues.html[][],''. 
 []


Underfull \hbox (badness 10000) in paragraph at lines 64--65
 []\OT1/cmr/m/n/9 ``Github re-po-si-tory link med all kode og re-sul-ta-ter med
 eks-tra for-kla-rin-ger: [][]htt-
 []

) (Project2.bbl
! Undefined control sequence.
l.55   \href@noop
                  {} {\enquote {\bibinfo {title} {Jacobis egenverdialgoritme,
The control sequence at the end of the top line
of your error message was never \def'ed. If you have
misspelled it (e.g., `\hobx'), type `I' and the correct
spelling (e.g., `I\hbox'). Otherwise just continue,
and I'll forget about whatever was undefined.

! Undefined control sequence.
l.55   \href@noop {} {\enquote
                               {\bibinfo {title} {Jacobis egenverdialgoritme,
The control sequence at the end of the top line
of your error message was never \def'ed. If you have
misspelled it (e.g., `\hobx'), type `I' and the correct
spelling (e.g., `I\hbox'). Otherwise just continue,
and I'll forget about whatever was undefined.

! Undefined control sequence.
l.61   \href@noop
                  {} {\enquote {\bibinfo {title} {Github repository link med...
The control sequence at the end of the top line
of your error message was never \def'ed. If you have
misspelled it (e.g., `\hobx'), type `I' and the correct
spelling (e.g., `I\hbox'). Otherwise just continue,
and I'll forget about whatever was undefined.

! Undefined control sequence.
l.61   \href@noop {} {\enquote
                               {\bibinfo {title} {Github repository link med...
The control sequence at the end of the top line
of your error message was never \def'ed. If you have
misspelled it (e.g., `\hobx'), type `I' and the correct
spelling (e.g., `I\hbox'). Otherwise just continue,
and I'll forget about whatever was undefined.

! Undefined control sequence.
l.67   \href@noop
                  {} {\enquote {\bibinfo {title} {Oppgavetekst:
The control sequence at the end of the top line
of your error message was never \def'ed. If you have
misspelled it (e.g., `\hobx'), type `I' and the correct
spelling (e.g., `I\hbox'). Otherwise just continue,
and I'll forget about whatever was undefined.

! Undefined control sequence.
l.67   \href@noop {} {\enquote
                               {\bibinfo {title} {Oppgavetekst:
The control sequence at the end of the top line
of your error message was never \def'ed. If you have
misspelled it (e.g., `\hobx'), type `I' and the correct
spelling (e.g., `I\hbox'). Otherwise just continue,
and I'll forget about whatever was undefined.

)
Package atveryend Info: Executing hook `AtVeryEndDocument' on input line 444.
 [6] [7]
Package atveryend Info: Empty hook `AfterLastShipout' on input line 444.
 (Project2.aux)
Package atveryend Info: Executing hook `AtEndAfterFileList' on input line 444.
Package rerunfilecheck Info: File `Project2.out' has not changed.
(rerunfilecheck)             Checksum: 45A6CB2A20AE2A3CC0FC70566F9B6105;1076.
 ) 
Here is how much of TeX's memory you used:
 24581 strings out of 481280
 438988 string characters out of 2923860
 972275 words of memory out of 3000000
 39574 multiletter control sequences out of 15000+200000
 539636 words of font info for 52 fonts, out of 3000000 for 9000
 1141 hyphenation exceptions out of 8191
 60i,9n,60p,642b,499s stack positions out of 5000i,500n,10000p,200000b,50000s
<D:/latex/mik/fonts/type1/public/amsfonts/cm/cmbx10.pfb><D:/latex/mik/fonts/t
ype1/public/amsfonts/cm/cmbx12.pfb><D:/latex/mik/fonts/type1/public/amsfonts/cm
/cmbx9.pfb><D:/latex/mik/fonts/type1/public/amsfonts/cm/cmex10.pfb><D:/latex/mi
k/fonts/type1/public/amsfonts/cm/cmmi10.pfb><D:/latex/mik/fonts/type1/public/am
sfonts/cm/cmmi6.pfb><D:/latex/mik/fonts/type1/public/amsfonts/cm/cmmi7.pfb><D:/
latex/mik/fonts/type1/public/amsfonts/cm/cmmi9.pfb><D:/latex/mik/fonts/type1/pu
blic/amsfonts/cm/cmr10.pfb><D:/latex/mik/fonts/type1/public/amsfonts/cm/cmr5.pf
b><D:/latex/mik/fonts/type1/public/amsfonts/cm/cmr7.pfb><D:/latex/mik/fonts/typ
e1/public/amsfonts/cm/cmr9.pfb><D:/latex/mik/fonts/type1/public/amsfonts/cm/cms
y10.pfb><D:/latex/mik/fonts/type1/public/amsfonts/cm/cmsy7.pfb><D:/latex/mik/fo
nts/type1/public/amsfonts/cm/cmti9.pfb><D:/latex/mik/fonts/type1/public/amsfont
s/symbols/msbm10.pfb><D:/latex/mik/fonts/type1/public/amsfonts/symbols/msbm7.pf
b>
Output written on Project2.pdf (7 pages, 297808 bytes).
PDF statistics:
 219 PDF objects out of 1000 (max. 8388607)
 34 named destinations out of 1000 (max. 500000)
 161 words of extra memory for PDF output out of 10000 (max. 10000000)

