\BOOKMARK [0][-]{section*.2}{Simulering av Solsystemet med Velocity Verlet Algoritmen \040FYS4150 - Prosjekt 3}{}% 2
\BOOKMARK [1][-]{section*.1}{Sammendrag}{section*.2}% 1
\BOOKMARK [1][-]{section*.3}{Introduksjon}{section*.2}% 3
\BOOKMARK [1][-]{section*.4}{Metoder}{section*.2}% 4
\BOOKMARK [2][-]{section*.5}{Velocity Verlet Algoritmen}{section*.4}% 5
\BOOKMARK [2][-]{section*.6}{Euler Metoden}{section*.4}% 6
\BOOKMARK [2][-]{section*.7}{Gravitasjonskraften og Planetbaner}{section*.4}% 7
\BOOKMARK [2][-]{section*.8}{Perihelion Presesjonen til Merkur}{section*.4}% 8
\BOOKMARK [1][-]{section*.9}{Resultater}{section*.2}% 9
\BOOKMARK [2][-]{section*.10}{Stabiliteten til Euler og Velocity Verlet}{section*.9}% 10
\BOOKMARK [2][-]{section*.11}{Ulike eksponenter i tyngdekraften}{section*.9}% 11
\BOOKMARK [2][-]{section*.12}{Unnslipningshastigheten til Jorda}{section*.9}% 12
\BOOKMARK [2][-]{section*.13}{Flere legemer}{section*.9}% 13
\BOOKMARK [2][-]{section*.14}{Merkurs Perihelion Presesjon}{section*.9}% 14
\BOOKMARK [1][-]{section*.15}{Diskusjon}{section*.2}% 15
\BOOKMARK [2][-]{section*.16}{Stabiliteten til Euler og Velocity Verlet}{section*.15}% 16
\BOOKMARK [2][-]{section*.17}{Ulike eksponenter i tyngdekraften}{section*.15}% 17
\BOOKMARK [2][-]{section*.18}{Unnslipningshastigheten til Jorda}{section*.15}% 18
\BOOKMARK [2][-]{section*.19}{Flere legemer}{section*.15}% 19
\BOOKMARK [2][-]{section*.20}{Merkurs Perihelion Presesjon}{section*.15}% 20
\BOOKMARK [1][-]{section*.21}{Konklusjon}{section*.2}% 21
\BOOKMARK [1][-]{section*.22}{Referanser}{section*.2}% 22
